<?xml version="1.0" encoding="UTF-8"?>
<testsuites>
  <testsuite name="internal_functions" timestamp="2023-05-05T07:30:48Z" hostname="99132ea6d194" tests="1" skipped="0" failures="0" errors="0" time="0.03">
    <testcase time="0.0299999999999998" classname="internal_functions" name="dummy_test_passes"/>
  </testsuite>
</testsuites>
