<?xml version="1.0" encoding="UTF-8"?>
<testsuites>
  <testsuite name="internal_functions" timestamp="2023-05-02T10:59:05Z" hostname="c9b08ae717a7" tests="1" skipped="0" failures="0" errors="0" time="0.022">
    <testcase time="0.022" classname="internal_functions" name="dummy_test_passes"/>
  </testsuite>
</testsuites>
